Started POST "/todos" for ::1 at 2017-04-19 20:06:18 +0600
  [1m[36mActiveRecord::SchemaMigration Load (0.0ms)[0m  [1m[34mSELECT "schema_migrations".* FROM "schema_migrations"[0m
Processing by TodosController#create as */*
  Parameters: {"student"=>"John", "created_by"=>"Doe"}
Unpermitted parameter: student
  [1m[35m (0.0ms)[0m  [1m[36mbegin transaction[0m
  [1m[35m (1.0ms)[0m  [1m[31mrollback transaction[0m
Completed 422 Unprocessable Entity in 50ms (Views: 0.2ms | ActiveRecord: 1.0ms)


Started POST "/todos" for ::1 at 2017-04-19 20:06:27 +0600
Processing by TodosController#create as */*
  Parameters: {"student"=>"John", "created_by"=>"Doe"}
Unpermitted parameter: student
  [1m[35m (1.0ms)[0m  [1m[36mbegin transaction[0m
  [1m[35m (0.0ms)[0m  [1m[31mrollback transaction[0m
Completed 422 Unprocessable Entity in 4ms (Views: 0.2ms | ActiveRecord: 1.0ms)


Started GET "/todos" for ::1 at 2017-04-19 20:06:33 +0600
Processing by TodosController#index as */*
  [1m[36mTodo Load (1.0ms)[0m  [1m[34mSELECT "todos".* FROM "todos"[0m
Completed 200 OK in 10ms (Views: 7.7ms | ActiveRecord: 1.0ms)


Started GET "/todos/john" for ::1 at 2017-04-19 20:06:40 +0600
Processing by TodosController#show as */*
  Parameters: {"id"=>"john"}
  [1m[36mTodo Load (1.0ms)[0m  [1m[34mSELECT  "todos".* FROM "todos" WHERE "todos"."id" = ? LIMIT ?[0m  [["id", 0], ["LIMIT", 1]]
Completed 404 Not Found in 36ms (Views: 0.3ms | ActiveRecord: 1.0ms)


Started GET "/todos/john" for ::1 at 2017-04-19 20:06:44 +0600
Processing by TodosController#show as */*
  Parameters: {"id"=>"john"}
  [1m[36mTodo Load (1.0ms)[0m  [1m[34mSELECT  "todos".* FROM "todos" WHERE "todos"."id" = ? LIMIT ?[0m  [["id", 0], ["LIMIT", 1]]
Completed 404 Not Found in 2ms (Views: 0.2ms | ActiveRecord: 1.0ms)


Started GET "/todos/" for ::1 at 2017-04-19 20:07:32 +0600
Processing by TodosController#index as */*
  [1m[36mTodo Load (1.0ms)[0m  [1m[34mSELECT "todos".* FROM "todos"[0m
Completed 200 OK in 4ms (Views: 2.7ms | ActiveRecord: 1.0ms)


Started GET "/todos/?title=John" for ::1 at 2017-04-19 20:07:52 +0600
Processing by TodosController#index as */*
  Parameters: {"title"=>"John"}
  [1m[36mTodo Load (1.0ms)[0m  [1m[34mSELECT "todos".* FROM "todos"[0m
Completed 200 OK in 4ms (Views: 2.0ms | ActiveRecord: 1.0ms)


Started GET "/todos/?title=%22John%22" for ::1 at 2017-04-19 20:07:58 +0600
Processing by TodosController#index as */*
  Parameters: {"title"=>"\"John\""}
  [1m[36mTodo Load (1.0ms)[0m  [1m[34mSELECT "todos".* FROM "todos"[0m
Completed 200 OK in 4ms (Views: 3.0ms | ActiveRecord: 1.0ms)


Started GET "/todos/" for ::1 at 2017-04-19 20:08:04 +0600
Processing by TodosController#index as */*
  [1m[36mTodo Load (0.0ms)[0m  [1m[34mSELECT "todos".* FROM "todos"[0m
Completed 200 OK in 4ms (Views: 3.4ms | ActiveRecord: 0.0ms)


Started GET "/todos/" for ::1 at 2017-04-20 11:00:58 +0600
  [1m[36mActiveRecord::SchemaMigration Load (0.0ms)[0m  [1m[34mSELECT "schema_migrations".* FROM "schema_migrations"[0m
Processing by TodosController#index as */*
  [1m[36mTodo Load (0.0ms)[0m  [1m[34mSELECT "todos".* FROM "todos"[0m
Completed 200 OK in 78ms (Views: 20.7ms | ActiveRecord: 0.0ms)


Started POST "/todos/" for ::1 at 2017-04-20 11:01:43 +0600
Processing by TodosController#create as */*
  Parameters: {"title"=>"asdfgh", "created_by"=>"Jack"}
  [1m[35m (0.0ms)[0m  [1m[36mbegin transaction[0m
  [1m[35mSQL (4.0ms)[0m  [1m[32mINSERT INTO "todos" ("title", "created_by", "created_at", "updated_at") VALUES (?, ?, ?, ?)[0m  [["title", "asdfgh"], ["created_by", "Jack"], ["created_at", 2017-04-20 05:01:43 UTC], ["updated_at", 2017-04-20 05:01:43 UTC]]
  [1m[35m (12.0ms)[0m  [1m[36mcommit transaction[0m
Completed 201 Created in 24ms (Views: 1.4ms | ActiveRecord: 16.0ms)


